<?xml version="1.0" encoding="UTF-8"?>
<!-- Generated by org.testng.reporters.JUnitReportReporter -->
<testsuite skipped="0" hostname="lgvn17979" name="RailWay.ContactTest" tests="1" failures="0" timestamp="28 Sep 2018 11:00:13 GMT" time="5.292" errors="0">
  <testcase name="TC04" time="5.292" classname="RailWay.ContactTest"/>
</testsuite> <!-- RailWay.ContactTest -->
